            Prefix Verb   URI Pattern                                  Controller#Action
     welcome_index GET    /welcome/index(.:format)                     welcome#index
          sessions GET    /sessions(.:format)                          sessions#index
                   POST   /sessions(.:format)                          sessions#create
       new_session GET    /sessions/new(.:format)                      sessions#new
           session DELETE /sessions/:id(.:format)                      sessions#destroy
            sports GET    /sports(.:format)                            sports#index
                   POST   /sports(.:format)                            sports#create
         new_sport GET    /sports/new(.:format)                        sports#new
        edit_sport GET    /sports/:id/edit(.:format)                   sports#edit
             sport GET    /sports/:id(.:format)                        sports#show
                   PATCH  /sports/:id(.:format)                        sports#update
                   PUT    /sports/:id(.:format)                        sports#update
                   DELETE /sports/:id(.:format)                        sports#destroy
    user_trainings GET    /users/:user_id/trainings(.:format)          trainings#index
                   POST   /users/:user_id/trainings(.:format)          trainings#create
 new_user_training GET    /users/:user_id/trainings/new(.:format)      trainings#new
edit_user_training GET    /users/:user_id/trainings/:id/edit(.:format) trainings#edit
     user_training GET    /users/:user_id/trainings/:id(.:format)      trainings#show
                   PATCH  /users/:user_id/trainings/:id(.:format)      trainings#update
                   PUT    /users/:user_id/trainings/:id(.:format)      trainings#update
                   DELETE /users/:user_id/trainings/:id(.:format)      trainings#destroy
             users GET    /users(.:format)                             users#index
                   POST   /users(.:format)                             users#create
          new_user GET    /users/new(.:format)                         users#new
         edit_user GET    /users/:id/edit(.:format)                    users#edit
              user GET    /users/:id(.:format)                         users#show
                   PATCH  /users/:id(.:format)                         users#update
                   PUT    /users/:id(.:format)                         users#update
                   DELETE /users/:id(.:format)                         users#destroy
            signup GET    /signup(.:format)                            users#new
            signin GET    /signin(.:format)                            sessions#new
           signout GET    /signout(.:format)                           sessions#destroy
              root GET    /                                            welcome#index
